<?xml version="1.0" encoding="UTF-8"?>
<!-- Generated by org.testng.reporters.JUnitXMLReporter -->
<testsuite ignored="1" hostname="INLPF3L43V4" failures="2" tests="13" name="Home Loan" time="0.093" errors="0" timestamp="2024-09-23T17:13:18 IST">
  <testcase classname="udemytestng.day1" name="krishna" time="0.007"/>
  <testcase classname="udemytestng.day1" name="rama" time="0.001"/>
  <testcase classname="udemytestng.day2" name="radhe" time="0.001"/>
  <testcase classname="udemytestng.day2" name="shyam" time="0.004"/>
  <testcase classname="udemytestng.day3" name="mobileSignInHomeLoan" time="0.001"/>
  <testcase classname="udemytestng.day3" name="mobileSignInHomeLoan" time="0.001"/>
  <testcase classname="udemytestng.day3" name="mobileSignInHomeLoan" time="0.003"/>
  <testcase classname="udemytestng.day3" name="webloginHomeLoan" time="0.001"/>
  <testcase classname="udemytestng.day3" name="mobileLoginHomeLoan" time="0.0">
    <failure type="org.testng.TestNGException" message="
Parameter &amp;apos;URL&amp;apos; is required by @Test on method mobileLoginHomeLoan but has not been marked @Optional or defined
in C:\Users\skumarakalva\eclipse-workspace\udemytestng\testng2.xml">
      <![CDATA[org.testng.TestNGException: 
Parameter 'URL' is required by @Test on method mobileLoginHomeLoan but has not been marked @Optional or defined
in C:\Users\skumarakalva\eclipse-workspace\udemytestng\testng2.xml
at java.base/java.util.ArrayList.forEach(ArrayList.java:1511)
... Removed 26 stack frames]]>
    </failure>
  </testcase> <!-- mobileLoginHomeLoan -->
  <testcase classname="udemytestng.day3" name="ApiLoginHomeLoan" time="0.001"/>
  <testcase classname="udemytestng.day4" name="loginApiCarLoan" time="0.001"/>
  <testcase classname="udemytestng.day4" name="mobileLoginCarLoan" time="0.0"/>
  <testcase classname="udemytestng.day4" name="webloginCarLoan" time="0.0">
    <failure type="org.testng.TestNGException" message="
Parameter &amp;apos;URL&amp;apos; is required by @Test on method webloginCarLoan but has not been marked @Optional or defined
in C:\Users\skumarakalva\eclipse-workspace\udemytestng\testng2.xml">
      <![CDATA[org.testng.TestNGException: 
Parameter 'URL' is required by @Test on method webloginCarLoan but has not been marked @Optional or defined
in C:\Users\skumarakalva\eclipse-workspace\udemytestng\testng2.xml
at java.base/java.util.ArrayList.forEach(ArrayList.java:1511)
... Removed 26 stack frames]]>
    </failure>
  </testcase> <!-- webloginCarLoan -->
  <testcase classname="udemytestng.day3" name="mobileSignOutHomeLoan" time="0.0">
    <ignored/>
  </testcase> <!-- mobileSignOutHomeLoan -->
</testsuite> <!-- Home Loan -->
